<?xml version="1.0" encoding="UTF-8"?>
<!-- Generated by org.testng.reporters.JUnitReportReporter -->
<testsuite hostname="sjacob-us-la" failures="0" tests="1" name="com.harvestmark.Delhaize_Test" time="714.272" errors="0" timestamp="2020-12-04T15:42:21 PST" skipped="0">
  <testcase classname="com.harvestmark.Delhaize_Test" name="Delhaize" time="714.272"/>
  <system-out/>
</testsuite> <!-- com.harvestmark.Delhaize_Test -->
